build/app/intermediates/manifest_merge_blame_file/debug/manifest-merger-blame-debug-report.txt
1<?xml version="1.0" encoding="utf-8"?>
2<manifest xmlns:android="http://schemas.android.com/apk/res/android"
3    package="co.mindpeers"
4    android:versionCode="1"
5    android:versionName="1.0.0" >
6
7    <uses-sdk
8        android:minSdkVersion="21"
9        android:targetSdkVersion="31" />
10    <!--
11         The INTERNET permission is required for development. Specifically,
12         the Flutter tool needs it to communicate with the running application
13         to allow setting breakpoints, to provide hot reload, etc.
14    -->
15    <uses-permission android:name="android.permission.INTERNET" />
15-->src/main/AndroidManifest.xml:4:5-66
15-->src/main/AndroidManifest.xml:4:22-64
16    <uses-permission android:name="android.permission.CAMERA" />
16-->src/main/AndroidManifest.xml:6:5-65
16-->src/main/AndroidManifest.xml:6:22-63
17    <uses-permission android:name="android.permission.WRITE_EXTERNAL_STORAGE" />
17-->src/main/AndroidManifest.xml:7:5-81
17-->src/main/AndroidManifest.xml:7:22-79
18    <uses-permission android:name="android.permission.READ_EXTERNAL_STORAGE" />
18-->src/main/AndroidManifest.xml:8:5-80
18-->src/main/AndroidManifest.xml:8:22-78
19    <uses-permission android:name="android.permission.WRITE_CALENDAR" />
19-->src/main/AndroidManifest.xml:9:5-73
19-->src/main/AndroidManifest.xml:9:22-70
20    <uses-permission android:name="android.permission.READ_CALENDAR" />
20-->src/main/AndroidManifest.xml:10:5-72
20-->src/main/AndroidManifest.xml:10:22-69
21
22    <queries>
22-->src/main/AndroidManifest.xml:52:5-74:15
23
24        <!-- If your app opens https URLs -->
25        <intent>
25-->src/main/AndroidManifest.xml:54:9-57:18
26            <action android:name="android.intent.action.VIEW" />
26-->src/main/AndroidManifest.xml:55:13-65
26-->src/main/AndroidManifest.xml:55:21-62
27
28            <data android:scheme="https" />
28-->src/main/AndroidManifest.xml:56:13-44
28-->src/main/AndroidManifest.xml:56:19-41
29        </intent>
30        <!-- If your app makes calls -->
31        <intent>
31-->src/main/AndroidManifest.xml:59:9-62:18
32            <action android:name="android.intent.action.DIAL" />
32-->src/main/AndroidManifest.xml:60:13-65
32-->src/main/AndroidManifest.xml:60:21-62
33
34            <data android:scheme="tel" />
34-->src/main/AndroidManifest.xml:56:13-44
34-->src/main/AndroidManifest.xml:56:19-41
35        </intent>
36        <!-- If your app emails -->
37        <intent>
37-->src/main/AndroidManifest.xml:64:9-67:18
38            <action android:name="android.intent.action.SEND" />
38-->src/main/AndroidManifest.xml:65:13-65
38-->src/main/AndroidManifest.xml:65:21-62
39
40            <data android:mimeType="*/*" />
40-->src/main/AndroidManifest.xml:56:13-44
41        </intent>
42        <intent>
42-->src/main/AndroidManifest.xml:69:9-72:18
43            <action android:name="android.intent.action.INSERT" />
43-->src/main/AndroidManifest.xml:70:13-67
43-->src/main/AndroidManifest.xml:70:21-64
44
45            <data android:mimeType="vnd.android.cursor.item/event" />
45-->src/main/AndroidManifest.xml:56:13-44
46        </intent>
47        <intent>
47-->[com.razorpay:checkout:1.6.19] AndroidManifest.xml:12:9-18:18
48            <action android:name="android.intent.action.VIEW" />
48-->src/main/AndroidManifest.xml:55:13-65
48-->src/main/AndroidManifest.xml:55:21-62
49
50            <data
50-->src/main/AndroidManifest.xml:56:13-44
51                android:mimeType="*/*"
52                android:scheme="*" />
52-->src/main/AndroidManifest.xml:56:19-41
53        </intent>
54        <intent>
54-->[com.razorpay:checkout:1.6.19] AndroidManifest.xml:19:9-28:18
55            <action android:name="android.intent.action.VIEW" />
55-->src/main/AndroidManifest.xml:55:13-65
55-->src/main/AndroidManifest.xml:55:21-62
56
57            <category android:name="android.intent.category.BROWSABLE" />
57-->[com.google.firebase:firebase-auth:21.0.8] AndroidManifest.xml:37:17-78
57-->[com.google.firebase:firebase-auth:21.0.8] AndroidManifest.xml:37:27-75
58
59            <data
59-->src/main/AndroidManifest.xml:56:13-44
60                android:host="pay"
61                android:mimeType="*/*"
62                android:scheme="upi" />
62-->src/main/AndroidManifest.xml:56:19-41
63        </intent>
64        <intent>
64-->[com.razorpay:checkout:1.6.19] AndroidManifest.xml:29:9-31:18
65            <action android:name="android.intent.action.MAIN" />
65-->[com.razorpay:checkout:1.6.19] AndroidManifest.xml:30:13-65
65-->[com.razorpay:checkout:1.6.19] AndroidManifest.xml:30:21-62
66        </intent>
67    </queries>
68
69    <uses-permission android:name="android.permission.WAKE_LOCK" />
69-->[:firebase_messaging] AndroidManifest.xml:10:5-68
69-->[:firebase_messaging] AndroidManifest.xml:10:22-65
70    <uses-permission android:name="android.permission.ACCESS_NETWORK_STATE" /> <!-- Permissions options for the `notification` group -->
70-->[:firebase_messaging] AndroidManifest.xml:11:5-79
70-->[:firebase_messaging] AndroidManifest.xml:11:22-76
71    <uses-permission android:name="android.permission.POST_NOTIFICATIONS" />
71-->[:firebase_messaging] AndroidManifest.xml:13:5-77
71-->[:firebase_messaging] AndroidManifest.xml:13:22-74
72    <uses-permission android:name="android.permission.RECEIVE_BOOT_COMPLETED" />
72-->[:awesome_notifications] AndroidManifest.xml:9:5-81
72-->[:awesome_notifications] AndroidManifest.xml:9:22-78
73    <uses-permission android:name="android.permission.VIBRATE" />
73-->[:awesome_notifications] AndroidManifest.xml:10:5-66
73-->[:awesome_notifications] AndroidManifest.xml:10:22-63
74    <uses-permission android:name="android.permission.USE_FULL_SCREEN_INTENT" />
74-->[:flutter_local_notifications] AndroidManifest.xml:11:5-81
74-->[:flutter_local_notifications] AndroidManifest.xml:11:22-78
75    <uses-permission android:name="android.permission.SCHEDULE_EXACT_ALARM" /> <!-- Required by older versions of Google Play services to create IID tokens -->
75-->[:flutter_local_notifications] AndroidManifest.xml:12:5-79
75-->[:flutter_local_notifications] AndroidManifest.xml:12:22-76
76    <uses-permission android:name="com.google.android.c2dm.permission.RECEIVE" />
76-->[com.google.firebase:firebase-messaging:23.0.8] AndroidManifest.xml:29:5-82
76-->[com.google.firebase:firebase-messaging:23.0.8] AndroidManifest.xml:29:22-79
77    <uses-permission android:name="com.google.android.gms.permission.AD_ID" />
77-->[com.google.android.gms:play-services-measurement-api:21.1.1] AndroidManifest.xml:25:5-79
77-->[com.google.android.gms:play-services-measurement-api:21.1.1] AndroidManifest.xml:25:22-76
78    <uses-permission android:name="com.google.android.finsky.permission.BIND_GET_INSTALL_REFERRER_SERVICE" />
78-->[com.google.android.gms:play-services-measurement:21.1.1] AndroidManifest.xml:26:5-110
78-->[com.google.android.gms:play-services-measurement:21.1.1] AndroidManifest.xml:26:22-107
79
80    <uses-feature
80-->[com.google.android.gms:play-services-maps:17.0.0] AndroidManifest.xml:26:5-28:35
81        android:glEsVersion="0x00020000"
81-->[com.google.android.gms:play-services-maps:17.0.0] AndroidManifest.xml:27:9-41
82        android:required="true" /> <!-- for android -->
82-->[com.google.android.gms:play-services-maps:17.0.0] AndroidManifest.xml:28:9-32
83    <!-- <uses-permission android:name="com.android.launcher.permission.READ_SETTINGS"/> -->
84    <!-- <uses-permission android:name="com.android.launcher.permission.WRITE_SETTINGS"/> -->
85    <!-- <uses-permission android:name="com.android.launcher.permission.INSTALL_SHORTCUT" /> -->
86    <!-- <uses-permission android:name="com.android.launcher.permission.UNINSTALL_SHORTCUT" /> -->
87    <!-- for Samsung -->
88    <uses-permission android:name="com.sec.android.provider.badge.permission.READ" />
88-->[me.leolin:ShortcutBadger:1.1.22] AndroidManifest.xml:19:5-86
88-->[me.leolin:ShortcutBadger:1.1.22] AndroidManifest.xml:19:22-83
89    <uses-permission android:name="com.sec.android.provider.badge.permission.WRITE" /> <!-- for htc -->
89-->[me.leolin:ShortcutBadger:1.1.22] AndroidManifest.xml:20:5-87
89-->[me.leolin:ShortcutBadger:1.1.22] AndroidManifest.xml:20:22-84
90    <uses-permission android:name="com.htc.launcher.permission.READ_SETTINGS" />
90-->[me.leolin:ShortcutBadger:1.1.22] AndroidManifest.xml:23:5-81
90-->[me.leolin:ShortcutBadger:1.1.22] AndroidManifest.xml:23:22-78
91    <uses-permission android:name="com.htc.launcher.permission.UPDATE_SHORTCUT" /> <!-- for sony -->
91-->[me.leolin:ShortcutBadger:1.1.22] AndroidManifest.xml:24:5-83
91-->[me.leolin:ShortcutBadger:1.1.22] AndroidManifest.xml:24:22-80
92    <uses-permission android:name="com.sonyericsson.home.permission.BROADCAST_BADGE" />
92-->[me.leolin:ShortcutBadger:1.1.22] AndroidManifest.xml:27:5-88
92-->[me.leolin:ShortcutBadger:1.1.22] AndroidManifest.xml:27:22-85
93    <uses-permission android:name="com.sonymobile.home.permission.PROVIDER_INSERT_BADGE" /> <!-- for apex -->
93-->[me.leolin:ShortcutBadger:1.1.22] AndroidManifest.xml:28:5-92
93-->[me.leolin:ShortcutBadger:1.1.22] AndroidManifest.xml:28:22-89
94    <uses-permission android:name="com.anddoes.launcher.permission.UPDATE_COUNT" /> <!-- for solid -->
94-->[me.leolin:ShortcutBadger:1.1.22] AndroidManifest.xml:31:5-84
94-->[me.leolin:ShortcutBadger:1.1.22] AndroidManifest.xml:31:22-81
95    <uses-permission android:name="com.majeur.launcher.permission.UPDATE_BADGE" /> <!-- for huawei -->
95-->[me.leolin:ShortcutBadger:1.1.22] AndroidManifest.xml:34:5-83
95-->[me.leolin:ShortcutBadger:1.1.22] AndroidManifest.xml:34:22-80
96    <uses-permission android:name="com.huawei.android.launcher.permission.CHANGE_BADGE" />
96-->[me.leolin:ShortcutBadger:1.1.22] AndroidManifest.xml:37:5-91
96-->[me.leolin:ShortcutBadger:1.1.22] AndroidManifest.xml:37:22-88
97    <uses-permission android:name="com.huawei.android.launcher.permission.READ_SETTINGS" />
97-->[me.leolin:ShortcutBadger:1.1.22] AndroidManifest.xml:38:5-92
97-->[me.leolin:ShortcutBadger:1.1.22] AndroidManifest.xml:38:22-89
98    <uses-permission android:name="com.huawei.android.launcher.permission.WRITE_SETTINGS" /> <!-- for ZUK -->
98-->[me.leolin:ShortcutBadger:1.1.22] AndroidManifest.xml:39:5-93
98-->[me.leolin:ShortcutBadger:1.1.22] AndroidManifest.xml:39:22-90
99    <uses-permission android:name="android.permission.READ_APP_BADGE" /> <!-- for OPPO -->
99-->[me.leolin:ShortcutBadger:1.1.22] AndroidManifest.xml:42:5-73
99-->[me.leolin:ShortcutBadger:1.1.22] AndroidManifest.xml:42:22-70
100    <uses-permission android:name="com.oppo.launcher.permission.READ_SETTINGS" />
100-->[me.leolin:ShortcutBadger:1.1.22] AndroidManifest.xml:45:5-82
100-->[me.leolin:ShortcutBadger:1.1.22] AndroidManifest.xml:45:22-79
101    <uses-permission android:name="com.oppo.launcher.permission.WRITE_SETTINGS" /> <!-- for EvMe -->
101-->[me.leolin:ShortcutBadger:1.1.22] AndroidManifest.xml:46:5-83
101-->[me.leolin:ShortcutBadger:1.1.22] AndroidManifest.xml:46:22-80
102    <uses-permission android:name="me.everything.badger.permission.BADGE_COUNT_READ" />
102-->[me.leolin:ShortcutBadger:1.1.22] AndroidManifest.xml:49:5-88
102-->[me.leolin:ShortcutBadger:1.1.22] AndroidManifest.xml:49:22-85
103    <uses-permission android:name="me.everything.badger.permission.BADGE_COUNT_WRITE" /> <!-- Permission will be merged into the manifest of the hosting app. -->
103-->[me.leolin:ShortcutBadger:1.1.22] AndroidManifest.xml:50:5-89
103-->[me.leolin:ShortcutBadger:1.1.22] AndroidManifest.xml:50:22-86
104    <!-- Is required to launch foreground extraction service for targetSdkVersion 28+. -->
105    <uses-permission android:name="android.permission.FOREGROUND_SERVICE" />
105-->[com.google.android.play:core:1.8.0] AndroidManifest.xml:8:3-74
105-->[com.google.android.play:core:1.8.0] AndroidManifest.xml:8:20-72
106
107    <application
108        android:name="android.app.Application"
109        android:appComponentFactory="androidx.core.app.CoreComponentFactory"
109-->[androidx.core:core:1.8.0] AndroidManifest.xml:24:18-86
110        android:debuggable="true"
111        android:icon="@mipmap/app_logo"
112        android:label="mindpeers_mobile_flutter"
113        android:requestLegacyExternalStorage="true" >
114        android:requestLegacyExternalStorage = "true"
115        <activity
116            android:name="co.mindpeers.MainActivity"
117            android:configChanges="orientation|keyboardHidden|keyboard|screenSize|smallestScreenSize|locale|layoutDirection|fontScale|screenLayout|density|uiMode"
118            android:exported="true"
119            android:hardwareAccelerated="true"
120            android:launchMode="singleTop"
121            android:theme="@style/LaunchTheme"
122            android:windowSoftInputMode="adjustResize" >
123
124            <!--
125                 Specifies an Android theme to apply to this Activity as soon as
126                 the Android process has started. This theme is visible to the user
127                 while the Flutter UI initializes. After that, this theme continues
128                 to determine the Window background behind the Flutter UI.
129            -->
130            <meta-data
131                android:name="io.flutter.embedding.android.NormalTheme"
132                android:resource="@style/NormalTheme" />
133
134            <intent-filter>
135                <action android:name="android.intent.action.MAIN" />
135-->[com.razorpay:checkout:1.6.19] AndroidManifest.xml:30:13-65
135-->[com.razorpay:checkout:1.6.19] AndroidManifest.xml:30:21-62
136
137                <category android:name="android.intent.category.LAUNCHER" />
138            </intent-filter>
139        </activity>
140        <!--
141             Don't delete the meta-data below.
142             This is used by the Flutter tool to generate GeneratedPluginRegistrant.java
143        -->
144        <meta-data
145            android:name="flutterEmbedding"
146            android:value="2" />
147        <meta-data
148            android:name="com.google.firebase.messaging.default_notification_channel_id"
149            android:value="mindpeers" />
150
151        <service
151-->[:firebase_auth] AndroidManifest.xml:10:9-14:19
152            android:name="com.google.firebase.components.ComponentDiscoveryService"
152-->[:firebase_auth] AndroidManifest.xml:10:18-89
153            android:directBootAware="true"
153-->[com.google.firebase:firebase-common:20.1.2] AndroidManifest.xml:35:13-43
154            android:exported="false" >
154-->[com.google.firebase:firebase-analytics-ktx:21.1.1] AndroidManifest.xml:10:13-37
155            <meta-data
155-->[:firebase_auth] AndroidManifest.xml:11:13-13:85
156                android:name="com.google.firebase.components:io.flutter.plugins.firebase.auth.FlutterFirebaseAuthRegistrar"
156-->[:firebase_auth] AndroidManifest.xml:12:17-124
157                android:value="com.google.firebase.components.ComponentRegistrar" />
157-->[:firebase_auth] AndroidManifest.xml:13:17-82
158            <meta-data
158-->[:firebase_messaging] AndroidManifest.xml:38:13-40:85
159                android:name="com.google.firebase.components:io.flutter.plugins.firebase.messaging.FlutterFirebaseAppRegistrar"
159-->[:firebase_messaging] AndroidManifest.xml:39:17-128
160                android:value="com.google.firebase.components.ComponentRegistrar" />
160-->[:firebase_messaging] AndroidManifest.xml:40:17-82
161            <meta-data
161-->[:firebase_core] AndroidManifest.xml:11:13-13:85
162                android:name="com.google.firebase.components:io.flutter.plugins.firebase.core.FlutterFirebaseCoreRegistrar"
162-->[:firebase_core] AndroidManifest.xml:12:17-124
163                android:value="com.google.firebase.components.ComponentRegistrar" />
163-->[:firebase_core] AndroidManifest.xml:13:17-82
164            <meta-data
164-->[com.google.firebase:firebase-analytics-ktx:21.1.1] AndroidManifest.xml:11:13-13:85
165                android:name="com.google.firebase.components:com.google.firebase.analytics.ktx.FirebaseAnalyticsKtxRegistrar"
165-->[com.google.firebase:firebase-analytics-ktx:21.1.1] AndroidManifest.xml:12:17-126
166                android:value="com.google.firebase.components.ComponentRegistrar" />
166-->[com.google.firebase:firebase-analytics-ktx:21.1.1] AndroidManifest.xml:13:17-82
167            <meta-data
167-->[com.google.firebase:firebase-messaging:23.0.8] AndroidManifest.xml:56:13-58:85
168                android:name="com.google.firebase.components:com.google.firebase.messaging.FirebaseMessagingRegistrar"
168-->[com.google.firebase:firebase-messaging:23.0.8] AndroidManifest.xml:57:17-119
169                android:value="com.google.firebase.components.ComponentRegistrar" />
169-->[com.google.firebase:firebase-messaging:23.0.8] AndroidManifest.xml:58:17-82
170            <meta-data
170-->[com.google.firebase:firebase-datatransport:18.1.6] AndroidManifest.xml:28:13-30:85
171                android:name="com.google.firebase.components:com.google.firebase.datatransport.TransportRegistrar"
171-->[com.google.firebase:firebase-datatransport:18.1.6] AndroidManifest.xml:29:17-115
172                android:value="com.google.firebase.components.ComponentRegistrar" />
172-->[com.google.firebase:firebase-datatransport:18.1.6] AndroidManifest.xml:30:17-82
173            <meta-data
173-->[com.google.firebase:firebase-auth:21.0.8] AndroidManifest.xml:67:13-69:85
174                android:name="com.google.firebase.components:com.google.firebase.auth.FirebaseAuthRegistrar"
174-->[com.google.firebase:firebase-auth:21.0.8] AndroidManifest.xml:68:17-109
175                android:value="com.google.firebase.components.ComponentRegistrar" />
175-->[com.google.firebase:firebase-auth:21.0.8] AndroidManifest.xml:69:17-82
176            <meta-data
176-->[com.google.firebase:firebase-common-ktx:20.1.2] AndroidManifest.xml:15:13-17:85
177                android:name="com.google.firebase.components:com.google.firebase.ktx.FirebaseCommonKtxRegistrar"
177-->[com.google.firebase:firebase-common-ktx:20.1.2] AndroidManifest.xml:16:17-113
178                android:value="com.google.firebase.components.ComponentRegistrar" />
178-->[com.google.firebase:firebase-common-ktx:20.1.2] AndroidManifest.xml:17:17-82
179            <meta-data
179-->[com.google.android.gms:play-services-measurement-api:21.1.1] AndroidManifest.xml:31:13-33:85
180                android:name="com.google.firebase.components:com.google.firebase.analytics.connector.internal.AnalyticsConnectorRegistrar"
180-->[com.google.android.gms:play-services-measurement-api:21.1.1] AndroidManifest.xml:32:17-139
181                android:value="com.google.firebase.components.ComponentRegistrar" />
181-->[com.google.android.gms:play-services-measurement-api:21.1.1] AndroidManifest.xml:33:17-82
182            <meta-data
182-->[com.google.firebase:firebase-installations:17.0.3] AndroidManifest.xml:18:13-20:85
183                android:name="com.google.firebase.components:com.google.firebase.installations.FirebaseInstallationsRegistrar"
183-->[com.google.firebase:firebase-installations:17.0.3] AndroidManifest.xml:19:17-127
184                android:value="com.google.firebase.components.ComponentRegistrar" />
184-->[com.google.firebase:firebase-installations:17.0.3] AndroidManifest.xml:20:17-82
185        </service>
186        <service
186-->[:firebase_messaging] AndroidManifest.xml:16:9-19:72
187            android:name="io.flutter.plugins.firebase.messaging.FlutterFirebaseMessagingBackgroundService"
187-->[:firebase_messaging] AndroidManifest.xml:17:13-107
188            android:exported="false"
188-->[:firebase_messaging] AndroidManifest.xml:18:13-37
189            android:permission="android.permission.BIND_JOB_SERVICE" />
189-->[:firebase_messaging] AndroidManifest.xml:19:13-69
190        <service
190-->[:firebase_messaging] AndroidManifest.xml:20:9-26:19
191            android:name="io.flutter.plugins.firebase.messaging.FlutterFirebaseMessagingService"
191-->[:firebase_messaging] AndroidManifest.xml:21:13-97
192            android:exported="false" >
192-->[:firebase_messaging] AndroidManifest.xml:22:13-37
193            <intent-filter>
193-->[:firebase_messaging] AndroidManifest.xml:23:13-25:29
194                <action android:name="com.google.firebase.MESSAGING_EVENT" />
194-->[:firebase_messaging] AndroidManifest.xml:24:17-78
194-->[:firebase_messaging] AndroidManifest.xml:24:25-75
195            </intent-filter>
196        </service>
197
198        <receiver
198-->[:firebase_messaging] AndroidManifest.xml:28:9-35:20
199            android:name="io.flutter.plugins.firebase.messaging.FlutterFirebaseMessagingReceiver"
199-->[:firebase_messaging] AndroidManifest.xml:29:13-98
200            android:exported="true"
200-->[:firebase_messaging] AndroidManifest.xml:30:13-36
201            android:permission="com.google.android.c2dm.permission.SEND" >
201-->[:firebase_messaging] AndroidManifest.xml:31:13-73
202            <intent-filter>
202-->[:firebase_messaging] AndroidManifest.xml:32:13-34:29
203                <action android:name="com.google.android.c2dm.intent.RECEIVE" />
203-->[:firebase_messaging] AndroidManifest.xml:33:17-81
203-->[:firebase_messaging] AndroidManifest.xml:33:25-78
204            </intent-filter>
205        </receiver>
206
207        <provider
207-->[:firebase_messaging] AndroidManifest.xml:43:9-47:38
208            android:name="io.flutter.plugins.firebase.messaging.FlutterFirebaseMessagingInitProvider"
208-->[:firebase_messaging] AndroidManifest.xml:44:13-102
209            android:authorities="co.mindpeers.flutterfirebasemessaginginitprovider"
209-->[:firebase_messaging] AndroidManifest.xml:45:13-88
210            android:exported="false"
210-->[:firebase_messaging] AndroidManifest.xml:46:13-37
211            android:initOrder="99" />
211-->[:firebase_messaging] AndroidManifest.xml:47:13-35
212        <provider
212-->[:image_picker_android] AndroidManifest.xml:10:9-18:20
213            android:name="io.flutter.plugins.imagepicker.ImagePickerFileProvider"
213-->[:image_picker_android] AndroidManifest.xml:11:13-82
214            android:authorities="co.mindpeers.flutter.image_provider"
214-->[:image_picker_android] AndroidManifest.xml:12:13-74
215            android:exported="false"
215-->[:image_picker_android] AndroidManifest.xml:13:13-37
216            android:grantUriPermissions="true" >
216-->[:image_picker_android] AndroidManifest.xml:14:13-47
217            <meta-data
217-->[:image_picker_android] AndroidManifest.xml:15:13-17:75
218                android:name="android.support.FILE_PROVIDER_PATHS"
218-->[:image_picker_android] AndroidManifest.xml:16:17-67
219                android:resource="@xml/flutter_image_picker_file_paths" />
219-->[:image_picker_android] AndroidManifest.xml:17:17-72
220        </provider>
221
222        <receiver
222-->[:awesome_notifications] AndroidManifest.xml:13:9-15:40
223            android:name="me.carda.awesome_notifications.notifications.broadcastReceivers.DismissedNotificationReceiver"
223-->[:awesome_notifications] AndroidManifest.xml:14:13-121
224            android:exported="false" />
224-->[:awesome_notifications] AndroidManifest.xml:15:13-37
225        <receiver
225-->[:awesome_notifications] AndroidManifest.xml:16:9-18:40
226            android:name="me.carda.awesome_notifications.notifications.broadcastReceivers.ScheduledNotificationReceiver"
226-->[:awesome_notifications] AndroidManifest.xml:17:13-121
227            android:exported="false" />
227-->[:awesome_notifications] AndroidManifest.xml:18:13-37
228        <receiver
228-->[:awesome_notifications] AndroidManifest.xml:19:9-21:40
229            android:name="me.carda.awesome_notifications.notifications.broadcastReceivers.KeepOnTopActionReceiver"
229-->[:awesome_notifications] AndroidManifest.xml:20:13-115
230            android:exported="false" />
230-->[:awesome_notifications] AndroidManifest.xml:21:13-37
231        <receiver
231-->[:awesome_notifications] AndroidManifest.xml:22:9-35:20
232            android:name="me.carda.awesome_notifications.notifications.broadcastReceivers.RefreshSchedulesReceiver"
232-->[:awesome_notifications] AndroidManifest.xml:23:13-116
233            android:exported="false" >
233-->[:awesome_notifications] AndroidManifest.xml:24:13-37
234            <intent-filter>
234-->[:awesome_notifications] AndroidManifest.xml:25:13-34:29
235                <category android:name="android.intent.category.DEFAULT" />
235-->[:awesome_notifications] AndroidManifest.xml:26:17-76
235-->[:awesome_notifications] AndroidManifest.xml:26:27-73
236
237                <action android:name="android.intent.action.BOOT_COMPLETED" />
237-->[:awesome_notifications] AndroidManifest.xml:28:17-79
237-->[:awesome_notifications] AndroidManifest.xml:28:25-76
238                <action android:name="android.intent.action.LOCKED_BOOT_COMPLETED" />
238-->[:awesome_notifications] AndroidManifest.xml:29:17-86
238-->[:awesome_notifications] AndroidManifest.xml:29:25-83
239                <action android:name="android.intent.action.MY_PACKAGE_REPLACED" />
239-->[:awesome_notifications] AndroidManifest.xml:30:17-84
239-->[:awesome_notifications] AndroidManifest.xml:30:25-81
240                <action android:name="android.intent.action.QUICKBOOT_POWERON" />
240-->[:awesome_notifications] AndroidManifest.xml:31:17-82
240-->[:awesome_notifications] AndroidManifest.xml:31:25-79
241                <action android:name="com.htc.intent.action.QUICKBOOT_POWERON" />
241-->[:awesome_notifications] AndroidManifest.xml:32:17-82
241-->[:awesome_notifications] AndroidManifest.xml:32:25-79
242                <action android:name="android.app.action.SCHEDULE_EXACT_ALARM_PERMISSION_STATE_CHANGED" />
242-->[:awesome_notifications] AndroidManifest.xml:33:17-107
242-->[:awesome_notifications] AndroidManifest.xml:33:25-104
243            </intent-filter>
244        </receiver>
245        <receiver
245-->[:flutter_local_notifications] AndroidManifest.xml:16:9-18:40
246            android:name="com.dexterous.flutterlocalnotifications.ActionBroadcastReceiver"
246-->[:flutter_local_notifications] AndroidManifest.xml:17:13-91
247            android:exported="false" />
247-->[:flutter_local_notifications] AndroidManifest.xml:18:13-37
248        <receiver
248-->[:flutter_local_notifications] AndroidManifest.xml:19:9-21:40
249            android:name="com.dexterous.flutterlocalnotifications.ScheduledNotificationReceiver"
249-->[:flutter_local_notifications] AndroidManifest.xml:20:13-97
250            android:exported="false" />
250-->[:flutter_local_notifications] AndroidManifest.xml:21:13-37
251        <receiver
251-->[:flutter_local_notifications] AndroidManifest.xml:22:9-31:20
252            android:name="com.dexterous.flutterlocalnotifications.ScheduledNotificationBootReceiver"
252-->[:flutter_local_notifications] AndroidManifest.xml:23:13-101
253            android:exported="false" >
253-->[:flutter_local_notifications] AndroidManifest.xml:24:13-37
254            <intent-filter>
254-->[:flutter_local_notifications] AndroidManifest.xml:25:13-30:29
255                <action android:name="android.intent.action.BOOT_COMPLETED" />
255-->[:awesome_notifications] AndroidManifest.xml:28:17-79
255-->[:awesome_notifications] AndroidManifest.xml:28:25-76
256                <action android:name="android.intent.action.MY_PACKAGE_REPLACED" />
256-->[:awesome_notifications] AndroidManifest.xml:30:17-84
256-->[:awesome_notifications] AndroidManifest.xml:30:25-81
257                <action android:name="android.intent.action.QUICKBOOT_POWERON" />
257-->[:awesome_notifications] AndroidManifest.xml:31:17-82
257-->[:awesome_notifications] AndroidManifest.xml:31:25-79
258                <action android:name="com.htc.intent.action.QUICKBOOT_POWERON" />
258-->[:awesome_notifications] AndroidManifest.xml:32:17-82
258-->[:awesome_notifications] AndroidManifest.xml:32:25-79
259            </intent-filter>
260        </receiver>
261
262        <activity
262-->[:url_launcher_android] AndroidManifest.xml:10:9-13:74
263            android:name="io.flutter.plugins.urllauncher.WebViewActivity"
263-->[:url_launcher_android] AndroidManifest.xml:11:13-74
264            android:exported="false"
264-->[:url_launcher_android] AndroidManifest.xml:12:13-37
265            android:theme="@android:style/Theme.NoTitleBar.Fullscreen" />
265-->[:url_launcher_android] AndroidManifest.xml:13:13-71
266
267        <provider
267-->[:share_plus] AndroidManifest.xml:10:9-18:20
268            android:name="dev.fluttercommunity.plus.share.ShareFileProvider"
268-->[:share_plus] AndroidManifest.xml:11:13-77
269            android:authorities="co.mindpeers.flutter.share_provider"
269-->[:share_plus] AndroidManifest.xml:12:13-74
270            android:exported="false"
270-->[:share_plus] AndroidManifest.xml:13:13-37
271            android:grantUriPermissions="true" >
271-->[:share_plus] AndroidManifest.xml:14:13-47
272            <meta-data
272-->[:image_picker_android] AndroidManifest.xml:15:13-17:75
273                android:name="android.support.FILE_PROVIDER_PATHS"
273-->[:image_picker_android] AndroidManifest.xml:16:17-67
274                android:resource="@xml/flutter_share_file_paths" />
274-->[:image_picker_android] AndroidManifest.xml:17:17-72
275        </provider>
276
277        <uses-library
277-->[androidx.window:window:1.0.0-beta04] AndroidManifest.xml:25:9-27:40
278            android:name="androidx.window.extensions"
278-->[androidx.window:window:1.0.0-beta04] AndroidManifest.xml:26:13-54
279            android:required="false" />
279-->[androidx.window:window:1.0.0-beta04] AndroidManifest.xml:27:13-37
280        <uses-library
280-->[androidx.window:window:1.0.0-beta04] AndroidManifest.xml:28:9-30:40
281            android:name="androidx.window.sidecar"
281-->[androidx.window:window:1.0.0-beta04] AndroidManifest.xml:29:13-51
282            android:required="false" />